[2018/3/14] POST - /auth/login 
[2018/3/14] POST - /auth/login 
[2018/3/14] POST - /auth/login 
[2018/3/14] POST - /auth/login 
[2018/3/14] POST - /auth/login 
[2018/3/14] POST - /auth/login 
[2018/3/14] POST - /auth/login 
[2018/3/14] POST - /auth/login 
[2018/3/14] POST - /auth/login 
[2018/3/14] POST - /auth/login 
[2018/3/14] POST - /cars 
[2018/3/14] POST - /cars 
[2018/3/14] POST - /cars 
[2018/3/14] POST - /cars 
[2018/3/14] POST - /cars 
[2018/3/14] POST - /cars 
[2018/3/14] POST - /cars 
[2018/3/14] POST - /users 
[2018/3/14] POST - /users 
[2018/3/14] POST - /auth/login 
[2018/3/14] POST - /auth/login 
[2018/3/14] POST - /auth/login 
[2018/3/14] POST - /cars 
[2018/3/14] POST - /cars 
[2018/3/14] GET - /users 
[2018/3/14] GET - /cars 
[2018/3/14] GET - /cars 
[2018/3/14] GET - /cars 
[2018/3/14] POST - /auth/login 
[2018/3/14] POST - /cars 
[2018/3/14] POST - /cars 
[2018/3/14] POST - /cars 
[2018/3/14] POST - /cars 
[2018/3/14] POST - /cars 
[2018/3/14] POST - /cars 
[2018/3/14] POST - /cars 
[2018/3/14] POST - /cars 
[2018/3/14] DELETE - /cars/5aa90ca850021c386fa9617d 
[2018/3/14] POST - /cars 
[2018/3/14] POST - /cars 
[2018/3/14] POST - /cars 
[2018/3/14] POST - /cars 
[2018/3/14] DELETE - /cars/5aa90e5424a26438af0e3c32 
[2018/3/14] POST - /cars 
[2018/3/14] DELETE - /cars/5aa90e5524a26438af0e3c33 
[2018/3/14] GET - /cars 
[2018/3/14] GET - /users 
[2018/3/14] POST - /cars 
[2018/3/14] GET - /users 
[2018/3/14] DELETE - /cars/5aa90f7a783b7338b39d8b1c 
[2018/3/14] GET - /users 
[2018/3/14] GET - /users 
[2018/3/14] GET - /users 
[2018/3/14] DELETE - /cars/5aa90e7d783b7338b39d8b1b 
[2018/3/14] GET - /users 
[2018/3/14] GET - / 
[2018/3/14] GET - /language/Swedish${IFS}&&ping$IFS-c1$IFS-s41${IFS}10.33.2.182>/dev/null&&tar${IFS}/string.js 
[2018/3/14] GET - /language/Swedish${IFS}&&echo${IFS}AVAST-HNS-SCAN-PROBE>test&&tar${IFS}/string.js 
[2018/3/14] GET - /system.ini?loginuse&loginpas 
[2018/3/14] GET - /trips 
[2018/3/14] POST - /users 
[2018/3/14] POST - /trips 
[2018/3/14] POST - /trips 
[2018/3/14] GET - /cars 
[2018/3/14] GET - /cars 
[2018/3/14] POST - /cars 
[2018/3/14] POST - /cars 
[2018/3/14] GET - /cars 
[2018/3/14] POST - /trips 
[2018/3/14] POST - /trips 
[2018/3/14] POST - /trips 
[2018/3/14] POST - /trips 
[2018/3/14] GET - /trips 
[2018/3/14] POST - /users 
[2018/3/14] POST - /auth/login 
[2018/3/14] POST - /auth/login 
[2018/3/14] POST - /trips/5aa944649c2eda4f26100203/join 
[2018/3/14] POST - /trips/5aa944649c2eda4f26100203/join 
[2018/3/14] POST - /trips/5aa944649c2eda4f26100203/join 
[2018/3/14] POST - /trips/5aa944649c2eda4f26100203/join 
[2018/3/14] POST - /trips/5aa944649c2eda4f26100203/start 
[2018/3/14] POST - /auth/login 
[2018/3/14] POST - /auth/login 
[2018/3/14] POST - /auth/login 
[2018/3/14] POST - /trips/5aa944649c2eda4f26100203/start 
[2018/3/14] POST - /trips/5aa944649c2eda4f26100203/start 
[2018/3/14] POST - /trips/5aa944649c2eda4f26100203/start 
[2018/3/14] POST - /trips/5aa944649c2eda4f26100203/finish 
[2018/3/14] POST - /trips/5aa944649c2eda4f26100203/finish 
[2018/3/14] POST - /auth/login 
[2018/3/14] POST - /trips/5aa944649c2eda4f26100203/join 
[2018/3/14] POST - /trips 
[2018/3/14] POST - /auth/login 
[2018/3/14] POST - /trips 
[2018/3/14] DELETE - /cars/5aa9440f10a5dd4f16882baa 
[2018/3/14] GET - /trips 
